# JRE version: Java(TM) SE Runtime Environment (11.0.1+13) (build 11.0.1+13-LTS)
# Java VM: Java HotSpot(TM) 64-Bit Server VM (11.0.1+13-LTS, mixed mode, tiered, compressed oops, g1 gc, windows-amd64)
Heap:
 garbage-first heap   total 195584K, used 192997K [0x0000000742000000, 0x0000000800000000)
  region size 1024K, 111 young (113664K), 5 survivors (5120K)
 Metaspace       used 16644K, capacity 17081K, committed 17280K, reserved 1064960K
  class space    used 1693K, capacity 1889K, committed 1920K, reserved 1048576K
GC Heap History (10 events):
Event: 3.863 GC heap before
{Heap before GC invocations=2 (full 0):
 garbage-first heap   total 194560K, used 120103K [0x0000000742000000, 0x0000000800000000)
  region size 1024K, 114 young (116736K), 3 survivors (3072K)
 Metaspace       used 15610K, capacity 16020K, committed 16256K, reserved 1062912K
  class space    used 1626K, capacity 1793K, committed 1920K, reserved 1048576K
}
Event: 3.867 GC heap after
{Heap after GC invocations=3 (full 0):
 garbage-first heap   total 194560K, used 6115K [0x0000000742000000, 0x0000000800000000)
  region size 1024K, 4 young (4096K), 4 survivors (4096K)
 Metaspace       used 15610K, capacity 16020K, committed 16256K, reserved 1062912K
  class space    used 1626K, capacity 1793K, committed 1920K, reserved 1048576K
}
Event: 4.884 GC heap before
{Heap before GC invocations=3 (full 0):
 garbage-first heap   total 194560K, used 118755K [0x0000000742000000, 0x0000000800000000)
  region size 1024K, 114 young (116736K), 4 survivors (4096K)
 Metaspace       used 15655K, capacity 16116K, committed 16256K, reserved 1062912K
  class space    used 1629K, capacity 1825K, committed 1920K, reserved 1048576K
}
Event: 4.889 GC heap after
{Heap after GC invocations=4 (full 0):
 garbage-first heap   total 194560K, used 6368K [0x0000000742000000, 0x0000000800000000)
  region size 1024K, 4 young (4096K), 4 survivors (4096K)
 Metaspace       used 15655K, capacity 16116K, committed 16256K, reserved 1062912K
  class space    used 1629K, capacity 1825K, committed 1920K, reserved 1048576K
}
Event: 6.061 GC heap before
{Heap before GC invocations=4 (full 0):
 garbage-first heap   total 194560K, used 122080K [0x0000000742000000, 0x0000000800000000)
  region size 1024K, 114 young (116736K), 4 survivors (4096K)
 Metaspace       used 15672K, capacity 16116K, committed 16256K, reserved 1062912K
  class space    used 1630K, capacity 1825K, committed 1920K, reserved 1048576K
}
Event: 6.065 GC heap after
{Heap after GC invocations=5 (full 0):
 garbage-first heap   total 194560K, used 7824K [0x0000000742000000, 0x0000000800000000)
  region size 1024K, 5 young (5120K), 5 survivors (5120K)
 Metaspace       used 15672K, capacity 16116K, committed 16256K, reserved 1062912K
  class space    used 1630K, capacity 1825K, committed 1920K, reserved 1048576K
}
Event: 6.825 GC heap before
{Heap before GC invocations=5 (full 0):
 garbage-first heap   total 194560K, used 119440K [0x0000000742000000, 0x0000000800000000)
  region size 1024K, 114 young (116736K), 5 survivors (5120K)
 Metaspace       used 15672K, capacity 16116K, committed 16256K, reserved 1062912K
  class space    used 1630K, capacity 1825K, committed 1920K, reserved 1048576K
}
Event: 6.830 GC heap after
{Heap after GC invocations=6 (full 0):
 garbage-first heap   total 194560K, used 8393K [0x0000000742000000, 0x0000000800000000)
  region size 1024K, 5 young (5120K), 5 survivors (5120K)
 Metaspace       used 15672K, capacity 16116K, committed 16256K, reserved 1062912K
  class space    used 1630K, capacity 1825K, committed 1920K, reserved 1048576K
}
Event: 7.967 GC heap before
{Heap before GC invocations=6 (full 0):
 garbage-first heap   total 194560K, used 147657K [0x0000000742000000, 0x0000000800000000)
  region size 1024K, 114 young (116736K), 5 survivors (5120K)
 Metaspace       used 16434K, capacity 16852K, committed 17024K, reserved 1064960K
  class space    used 1692K, capacity 1857K, committed 1920K, reserved 1048576K
}
Event: 7.973 GC heap after
{Heap after GC invocations=7 (full 0):
 garbage-first heap   total 194560K, used 33253K [0x0000000742000000, 0x0000000800000000)
  region size 1024K, 5 young (5120K), 5 survivors (5120K)
 Metaspace       used 16434K, capacity 16852K, committed 17024K, reserved 1064960K
  class space    used 1692K, capacity 1857K, committed 1920K, reserved 1048576K
}

